[ 2015-07-20T20:33:22+08:00 ] ::1 /appcms/index.php/Home/AppAdmins/makeJob
INFO: [ app_init ] --START--
INFO: Run Behavior\BuildLiteBehavior [ RunTime:0.000000s ]
INFO: [ app_init ] --END-- [ RunTime:0.000000s ]
INFO: [ app_begin ] --START--
INFO: Run Behavior\ReadHtmlCacheBehavior [ RunTime:0.000000s ]
INFO: [ app_begin ] --END-- [ RunTime:0.000000s ]
SQL: SHOW COLUMNS FROM `very_type` [ RunTime:0.032200s ]
SQL: SELECT type_id,type_name FROM very_type [ RunTime:0.000000s ]
NOTIC: [8] Undefined index: subapp D:\code\appcms\Application\Home\Controller\AppAdminsController.class.php 第 36 行.
INFO: [ view_parse ] --START--
INFO: [ template_filter ] --START--
INFO: Run Behavior\ContentReplaceBehavior [ RunTime:0.000000s ]
INFO: [ template_filter ] --END-- [ RunTime:0.000000s ]
NOTIC: [8] Undefined variable: appname D:\code\appcms\Application\Runtime\Cache\Home\dc9fbe82f3326df9aac986e3378ea34f.php 第 4 行.
NOTIC: [8] Undefined variable: error D:\code\appcms\Application\Runtime\Cache\Home\dc9fbe82f3326df9aac986e3378ea34f.php 第 31 行.
NOTIC: [8] Undefined variable: appname D:\code\appcms\Application\Runtime\Cache\Home\dc9fbe82f3326df9aac986e3378ea34f.php 第 36 行.
NOTIC: [8] Undefined variable: apptype D:\code\appcms\Application\Runtime\Cache\Home\dc9fbe82f3326df9aac986e3378ea34f.php 第 43 行.
NOTIC: [8] Undefined variable: apptype D:\code\appcms\Application\Runtime\Cache\Home\dc9fbe82f3326df9aac986e3378ea34f.php 第 43 行.
NOTIC: [8] Undefined variable: apptype D:\code\appcms\Application\Runtime\Cache\Home\dc9fbe82f3326df9aac986e3378ea34f.php 第 43 行.
NOTIC: [8] Undefined variable: apptype D:\code\appcms\Application\Runtime\Cache\Home\dc9fbe82f3326df9aac986e3378ea34f.php 第 43 行.
NOTIC: [8] Undefined variable: apptype D:\code\appcms\Application\Runtime\Cache\Home\dc9fbe82f3326df9aac986e3378ea34f.php 第 43 行.
NOTIC: [8] Undefined variable: apptype D:\code\appcms\Application\Runtime\Cache\Home\dc9fbe82f3326df9aac986e3378ea34f.php 第 43 行.
NOTIC: [8] Undefined variable: apptype D:\code\appcms\Application\Runtime\Cache\Home\dc9fbe82f3326df9aac986e3378ea34f.php 第 43 行.
NOTIC: [8] Undefined variable: apptype D:\code\appcms\Application\Runtime\Cache\Home\dc9fbe82f3326df9aac986e3378ea34f.php 第 43 行.
NOTIC: [8] Undefined variable: apptype D:\code\appcms\Application\Runtime\Cache\Home\dc9fbe82f3326df9aac986e3378ea34f.php 第 43 行.
NOTIC: [8] Undefined variable: apptype D:\code\appcms\Application\Runtime\Cache\Home\dc9fbe82f3326df9aac986e3378ea34f.php 第 43 行.
NOTIC: [8] Undefined variable: apptype D:\code\appcms\Application\Runtime\Cache\Home\dc9fbe82f3326df9aac986e3378ea34f.php 第 43 行.
NOTIC: [8] Undefined variable: apptype D:\code\appcms\Application\Runtime\Cache\Home\dc9fbe82f3326df9aac986e3378ea34f.php 第 43 行.
NOTIC: [8] Undefined variable: apptype D:\code\appcms\Application\Runtime\Cache\Home\dc9fbe82f3326df9aac986e3378ea34f.php 第 43 行.
NOTIC: [8] Undefined variable: apptype D:\code\appcms\Application\Runtime\Cache\Home\dc9fbe82f3326df9aac986e3378ea34f.php 第 43 行.
NOTIC: [8] Undefined variable: apptype D:\code\appcms\Application\Runtime\Cache\Home\dc9fbe82f3326df9aac986e3378ea34f.php 第 43 行.
NOTIC: [8] Undefined variable: money D:\code\appcms\Application\Runtime\Cache\Home\dc9fbe82f3326df9aac986e3378ea34f.php 第 51 行.
NOTIC: [8] Undefined variable: money D:\code\appcms\Application\Runtime\Cache\Home\dc9fbe82f3326df9aac986e3378ea34f.php 第 52 行.
NOTIC: [8] Undefined variable: appshowname D:\code\appcms\Application\Runtime\Cache\Home\dc9fbe82f3326df9aac986e3378ea34f.php 第 59 行.
NOTIC: [8] Undefined variable: appversion D:\code\appcms\Application\Runtime\Cache\Home\dc9fbe82f3326df9aac986e3378ea34f.php 第 65 行.
NOTIC: [8] Undefined variable: applanguage D:\code\appcms\Application\Runtime\Cache\Home\dc9fbe82f3326df9aac986e3378ea34f.php 第 72 行.
NOTIC: [8] Undefined variable: applanguage D:\code\appcms\Application\Runtime\Cache\Home\dc9fbe82f3326df9aac986e3378ea34f.php 第 73 行.
NOTIC: [8] Undefined variable: applanguage D:\code\appcms\Application\Runtime\Cache\Home\dc9fbe82f3326df9aac986e3378ea34f.php 第 74 行.
NOTIC: [8] Undefined variable: appsystem D:\code\appcms\Application\Runtime\Cache\Home\dc9fbe82f3326df9aac986e3378ea34f.php 第 82 行.
NOTIC: [8] Undefined variable: appsystem D:\code\appcms\Application\Runtime\Cache\Home\dc9fbe82f3326df9aac986e3378ea34f.php 第 83 行.
NOTIC: [8] Undefined variable: appsystem D:\code\appcms\Application\Runtime\Cache\Home\dc9fbe82f3326df9aac986e3378ea34f.php 第 84 行.
NOTIC: [8] Undefined variable: appsystem D:\code\appcms\Application\Runtime\Cache\Home\dc9fbe82f3326df9aac986e3378ea34f.php 第 85 行.
NOTIC: [8] Undefined variable: apphome D:\code\appcms\Application\Runtime\Cache\Home\dc9fbe82f3326df9aac986e3378ea34f.php 第 92 行.
NOTIC: [8] Undefined variable: come D:\code\appcms\Application\Runtime\Cache\Home\dc9fbe82f3326df9aac986e3378ea34f.php 第 103 行.
NOTIC: [8] Undefined variable: summary D:\code\appcms\Application\Runtime\Cache\Home\dc9fbe82f3326df9aac986e3378ea34f.php 第 109 行.
NOTIC: [8] Undefined variable: upsummary D:\code\appcms\Application\Runtime\Cache\Home\dc9fbe82f3326df9aac986e3378ea34f.php 第 117 行.
INFO: Run Behavior\ParseTemplateBehavior [ RunTime:0.000000s ]
INFO: [ view_parse ] --END-- [ RunTime:0.000000s ]
INFO: [ view_filter ] --START--
INFO: Run Behavior\WriteHtmlCacheBehavior [ RunTime:0.000000s ]
INFO: [ view_filter ] --END-- [ RunTime:0.000000s ]
INFO: [ app_end ] --START--
INFO: Run Behavior\ShowPageTraceBehavior [ RunTime:0.000000s ]
INFO: [ app_end ] --END-- [ RunTime:0.000000s ]

[ 2015-07-20T20:36:45+08:00 ] ::1 /appcms/index.php/Home/AppAdmins/makeJob
INFO: [ app_init ] --START--
INFO: Run Behavior\BuildLiteBehavior [ RunTime:0.000000s ]
INFO: [ app_init ] --END-- [ RunTime:0.015600s ]
INFO: [ app_begin ] --START--
INFO: Run Behavior\ReadHtmlCacheBehavior [ RunTime:0.000000s ]
INFO: [ app_begin ] --END-- [ RunTime:0.000000s ]
SQL: SHOW COLUMNS FROM `very_type` [ RunTime:0.000000s ]
SQL: SELECT type_id,type_name FROM very_type [ RunTime:0.000000s ]
NOTIC: [8] Undefined index: subapp D:\code\appcms\Application\Home\Controller\AppAdminsController.class.php 第 36 行.
INFO: [ view_parse ] --START--
INFO: [ template_filter ] --START--
INFO: Run Behavior\ContentReplaceBehavior [ RunTime:0.000000s ]
INFO: [ template_filter ] --END-- [ RunTime:0.000000s ]
NOTIC: [8] Undefined variable: appname D:\code\appcms\Application\Runtime\Cache\Home\dc9fbe82f3326df9aac986e3378ea34f.php 第 4 行.
NOTIC: [8] Undefined variable: error D:\code\appcms\Application\Runtime\Cache\Home\dc9fbe82f3326df9aac986e3378ea34f.php 第 32 行.
NOTIC: [8] Undefined variable: appname D:\code\appcms\Application\Runtime\Cache\Home\dc9fbe82f3326df9aac986e3378ea34f.php 第 37 行.
NOTIC: [8] Undefined variable: apptype D:\code\appcms\Application\Runtime\Cache\Home\dc9fbe82f3326df9aac986e3378ea34f.php 第 44 行.
NOTIC: [8] Undefined variable: apptype D:\code\appcms\Application\Runtime\Cache\Home\dc9fbe82f3326df9aac986e3378ea34f.php 第 44 行.
NOTIC: [8] Undefined variable: apptype D:\code\appcms\Application\Runtime\Cache\Home\dc9fbe82f3326df9aac986e3378ea34f.php 第 44 行.
NOTIC: [8] Undefined variable: apptype D:\code\appcms\Application\Runtime\Cache\Home\dc9fbe82f3326df9aac986e3378ea34f.php 第 44 行.
NOTIC: [8] Undefined variable: apptype D:\code\appcms\Application\Runtime\Cache\Home\dc9fbe82f3326df9aac986e3378ea34f.php 第 44 行.
NOTIC: [8] Undefined variable: apptype D:\code\appcms\Application\Runtime\Cache\Home\dc9fbe82f3326df9aac986e3378ea34f.php 第 44 行.
NOTIC: [8] Undefined variable: apptype D:\code\appcms\Application\Runtime\Cache\Home\dc9fbe82f3326df9aac986e3378ea34f.php 第 44 行.
NOTIC: [8] Undefined variable: apptype D:\code\appcms\Application\Runtime\Cache\Home\dc9fbe82f3326df9aac986e3378ea34f.php 第 44 行.
NOTIC: [8] Undefined variable: apptype D:\code\appcms\Application\Runtime\Cache\Home\dc9fbe82f3326df9aac986e3378ea34f.php 第 44 行.
NOTIC: [8] Undefined variable: apptype D:\code\appcms\Application\Runtime\Cache\Home\dc9fbe82f3326df9aac986e3378ea34f.php 第 44 行.
NOTIC: [8] Undefined variable: apptype D:\code\appcms\Application\Runtime\Cache\Home\dc9fbe82f3326df9aac986e3378ea34f.php 第 44 行.
NOTIC: [8] Undefined variable: apptype D:\code\appcms\Application\Runtime\Cache\Home\dc9fbe82f3326df9aac986e3378ea34f.php 第 44 行.
NOTIC: [8] Undefined variable: apptype D:\code\appcms\Application\Runtime\Cache\Home\dc9fbe82f3326df9aac986e3378ea34f.php 第 44 行.
NOTIC: [8] Undefined variable: apptype D:\code\appcms\Application\Runtime\Cache\Home\dc9fbe82f3326df9aac986e3378ea34f.php 第 44 行.
NOTIC: [8] Undefined variable: apptype D:\code\appcms\Application\Runtime\Cache\Home\dc9fbe82f3326df9aac986e3378ea34f.php 第 44 行.
NOTIC: [8] Undefined variable: money D:\code\appcms\Application\Runtime\Cache\Home\dc9fbe82f3326df9aac986e3378ea34f.php 第 52 行.
NOTIC: [8] Undefined variable: money D:\code\appcms\Application\Runtime\Cache\Home\dc9fbe82f3326df9aac986e3378ea34f.php 第 53 行.
NOTIC: [8] Undefined variable: appshowname D:\code\appcms\Application\Runtime\Cache\Home\dc9fbe82f3326df9aac986e3378ea34f.php 第 60 行.
NOTIC: [8] Undefined variable: appversion D:\code\appcms\Application\Runtime\Cache\Home\dc9fbe82f3326df9aac986e3378ea34f.php 第 66 行.
NOTIC: [8] Undefined variable: applanguage D:\code\appcms\Application\Runtime\Cache\Home\dc9fbe82f3326df9aac986e3378ea34f.php 第 73 行.
NOTIC: [8] Undefined variable: applanguage D:\code\appcms\Application\Runtime\Cache\Home\dc9fbe82f3326df9aac986e3378ea34f.php 第 74 行.
NOTIC: [8] Undefined variable: applanguage D:\code\appcms\Application\Runtime\Cache\Home\dc9fbe82f3326df9aac986e3378ea34f.php 第 75 行.
NOTIC: [8] Undefined variable: appsystem D:\code\appcms\Application\Runtime\Cache\Home\dc9fbe82f3326df9aac986e3378ea34f.php 第 83 行.
NOTIC: [8] Undefined variable: appsystem D:\code\appcms\Application\Runtime\Cache\Home\dc9fbe82f3326df9aac986e3378ea34f.php 第 84 行.
NOTIC: [8] Undefined variable: appsystem D:\code\appcms\Application\Runtime\Cache\Home\dc9fbe82f3326df9aac986e3378ea34f.php 第 85 行.
NOTIC: [8] Undefined variable: appsystem D:\code\appcms\Application\Runtime\Cache\Home\dc9fbe82f3326df9aac986e3378ea34f.php 第 86 行.
NOTIC: [8] Undefined variable: apphome D:\code\appcms\Application\Runtime\Cache\Home\dc9fbe82f3326df9aac986e3378ea34f.php 第 93 行.
NOTIC: [8] Undefined variable: come D:\code\appcms\Application\Runtime\Cache\Home\dc9fbe82f3326df9aac986e3378ea34f.php 第 104 行.
NOTIC: [8] Undefined variable: summary D:\code\appcms\Application\Runtime\Cache\Home\dc9fbe82f3326df9aac986e3378ea34f.php 第 110 行.
NOTIC: [8] Undefined variable: upsummary D:\code\appcms\Application\Runtime\Cache\Home\dc9fbe82f3326df9aac986e3378ea34f.php 第 118 行.
INFO: Run Behavior\ParseTemplateBehavior [ RunTime:0.015600s ]
INFO: [ view_parse ] --END-- [ RunTime:0.015600s ]
INFO: [ view_filter ] --START--
INFO: Run Behavior\WriteHtmlCacheBehavior [ RunTime:0.000000s ]
INFO: [ view_filter ] --END-- [ RunTime:0.000000s ]
INFO: [ app_end ] --START--
INFO: Run Behavior\ShowPageTraceBehavior [ RunTime:0.015600s ]
INFO: [ app_end ] --END-- [ RunTime:0.015600s ]

[ 2015-07-20T20:36:46+08:00 ] ::1 /appcms/index.php/Home/Adv/index/
INFO: [ app_init ] --START--
INFO: Run Behavior\BuildLiteBehavior [ RunTime:0.000000s ]
INFO: [ app_init ] --END-- [ RunTime:0.000000s ]
INFO: [ app_begin ] --START--
INFO: Run Behavior\ReadHtmlCacheBehavior [ RunTime:0.000000s ]
INFO: [ app_begin ] --END-- [ RunTime:0.000000s ]
INFO: [ view_parse ] --START--
INFO: [ template_filter ] --START--
INFO: Run Behavior\ContentReplaceBehavior [ RunTime:0.000000s ]
INFO: [ template_filter ] --END-- [ RunTime:0.000000s ]
NOTIC: [8] Undefined variable: appname D:\code\appcms\Application\Runtime\Cache\Home\66c672f362d294029ef1d2378721a92a.php 第 4 行.
NOTIC: [8] Undefined variable: app_list D:\code\appcms\Application\Runtime\Cache\Home\66c672f362d294029ef1d2378721a92a.php 第 56 行.
INFO: Run Behavior\ParseTemplateBehavior [ RunTime:0.016601s ]
INFO: [ view_parse ] --END-- [ RunTime:0.016601s ]
INFO: [ view_filter ] --START--
INFO: Run Behavior\WriteHtmlCacheBehavior [ RunTime:0.000000s ]
INFO: [ view_filter ] --END-- [ RunTime:0.000000s ]
INFO: [ app_end ] --START--
INFO: Run Behavior\ShowPageTraceBehavior [ RunTime:0.000000s ]
INFO: [ app_end ] --END-- [ RunTime:0.000000s ]

[ 2015-07-20T22:20:16+08:00 ] ::1 /appcms/index.php/Home/Adv/index/
INFO: [ app_init ] --START--
INFO: Run Behavior\BuildLiteBehavior [ RunTime:0.000000s ]
INFO: [ app_init ] --END-- [ RunTime:0.000000s ]
INFO: [ app_begin ] --START--
INFO: Run Behavior\ReadHtmlCacheBehavior [ RunTime:0.000000s ]
INFO: [ app_begin ] --END-- [ RunTime:0.000000s ]
INFO: [ view_parse ] --START--
INFO: [ template_filter ] --START--
INFO: Run Behavior\ContentReplaceBehavior [ RunTime:0.000000s ]
INFO: [ template_filter ] --END-- [ RunTime:0.000000s ]
NOTIC: [8] Undefined variable: appname D:\code\appcms\Application\Runtime\Cache\Home\66c672f362d294029ef1d2378721a92a.php 第 4 行.
NOTIC: [8] Undefined variable: app_list D:\code\appcms\Application\Runtime\Cache\Home\66c672f362d294029ef1d2378721a92a.php 第 53 行.
INFO: Run Behavior\ParseTemplateBehavior [ RunTime:0.015600s ]
INFO: [ view_parse ] --END-- [ RunTime:0.015600s ]
INFO: [ view_filter ] --START--
INFO: Run Behavior\WriteHtmlCacheBehavior [ RunTime:0.000000s ]
INFO: [ view_filter ] --END-- [ RunTime:0.000000s ]
INFO: [ app_end ] --START--
INFO: Run Behavior\ShowPageTraceBehavior [ RunTime:0.000000s ]
INFO: [ app_end ] --END-- [ RunTime:0.000000s ]

[ 2015-07-20T22:20:18+08:00 ] ::1 /appcms/index.php/Home/Adv/addAdv
INFO: [ app_init ] --START--
INFO: Run Behavior\BuildLiteBehavior [ RunTime:0.000000s ]
INFO: [ app_init ] --END-- [ RunTime:0.000000s ]
INFO: [ app_begin ] --START--
INFO: Run Behavior\ReadHtmlCacheBehavior [ RunTime:0.000000s ]
INFO: [ app_begin ] --END-- [ RunTime:0.000000s ]
INFO: [ view_parse ] --START--
INFO: [ template_filter ] --START--
INFO: Run Behavior\ContentReplaceBehavior [ RunTime:0.000000s ]
INFO: [ template_filter ] --END-- [ RunTime:0.000000s ]

[ 2015-07-20T22:20:30+08:00 ] ::1 /appcms/index.php/Home/Adv/addAdv
INFO: [ app_init ] --START--
INFO: Run Behavior\BuildLiteBehavior [ RunTime:0.000000s ]
INFO: [ app_init ] --END-- [ RunTime:0.000000s ]
INFO: [ app_begin ] --START--
INFO: Run Behavior\ReadHtmlCacheBehavior [ RunTime:0.000000s ]
INFO: [ app_begin ] --END-- [ RunTime:0.000000s ]
INFO: [ view_parse ] --START--
INFO: [ template_filter ] --START--
INFO: Run Behavior\ContentReplaceBehavior [ RunTime:0.000000s ]
INFO: [ template_filter ] --END-- [ RunTime:0.000000s ]
NOTIC: [8] Undefined variable: appname D:\code\appcms\Application\Runtime\Cache\Home\a76566f4b58f3ba102adf75dce172164.php 第 4 行.
NOTIC: [8] Undefined variable: error D:\code\appcms\Application\Runtime\Cache\Home\a76566f4b58f3ba102adf75dce172164.php 第 52 行.
NOTIC: [8] Undefined variable: advname D:\code\appcms\Application\Runtime\Cache\Home\a76566f4b58f3ba102adf75dce172164.php 第 57 行.
NOTIC: [8] Undefined variable: showpage D:\code\appcms\Application\Runtime\Cache\Home\a76566f4b58f3ba102adf75dce172164.php 第 64 行.
NOTIC: [8] Undefined variable: showpage D:\code\appcms\Application\Runtime\Cache\Home\a76566f4b58f3ba102adf75dce172164.php 第 65 行.
INFO: Run Behavior\ParseTemplateBehavior [ RunTime:0.015600s ]
INFO: [ view_parse ] --END-- [ RunTime:0.015600s ]
INFO: [ view_filter ] --START--
INFO: Run Behavior\WriteHtmlCacheBehavior [ RunTime:0.000000s ]
INFO: [ view_filter ] --END-- [ RunTime:0.000000s ]
INFO: [ app_end ] --START--
INFO: Run Behavior\ShowPageTraceBehavior [ RunTime:0.000000s ]
INFO: [ app_end ] --END-- [ RunTime:0.000000s ]

[ 2015-07-20T22:32:20+08:00 ] ::1 /appcms/index.php/Home/Adv/addAdv
INFO: [ app_init ] --START--
INFO: Run Behavior\BuildLiteBehavior [ RunTime:0.000000s ]
INFO: [ app_init ] --END-- [ RunTime:0.000000s ]
INFO: [ app_begin ] --START--
INFO: Run Behavior\ReadHtmlCacheBehavior [ RunTime:0.000000s ]
INFO: [ app_begin ] --END-- [ RunTime:0.000000s ]
NOTIC: [8] Undefined index: subapp D:\code\appcms\Application\Home\Controller\AdvController.class.php 第 20 行.
INFO: [ view_parse ] --START--
INFO: [ template_filter ] --START--
INFO: Run Behavior\ContentReplaceBehavior [ RunTime:0.000000s ]
INFO: [ template_filter ] --END-- [ RunTime:0.000000s ]
NOTIC: [8] Undefined variable: appname D:\code\appcms\Application\Runtime\Cache\Home\a76566f4b58f3ba102adf75dce172164.php 第 4 行.
NOTIC: [8] Undefined variable: error D:\code\appcms\Application\Runtime\Cache\Home\a76566f4b58f3ba102adf75dce172164.php 第 52 行.
NOTIC: [8] Undefined variable: advname D:\code\appcms\Application\Runtime\Cache\Home\a76566f4b58f3ba102adf75dce172164.php 第 57 行.
NOTIC: [8] Undefined variable: showpage D:\code\appcms\Application\Runtime\Cache\Home\a76566f4b58f3ba102adf75dce172164.php 第 64 行.
NOTIC: [8] Undefined variable: showpage D:\code\appcms\Application\Runtime\Cache\Home\a76566f4b58f3ba102adf75dce172164.php 第 65 行.
INFO: Run Behavior\ParseTemplateBehavior [ RunTime:0.000000s ]
INFO: [ view_parse ] --END-- [ RunTime:0.000000s ]
INFO: [ view_filter ] --START--
INFO: Run Behavior\WriteHtmlCacheBehavior [ RunTime:0.000000s ]
INFO: [ view_filter ] --END-- [ RunTime:0.000000s ]
INFO: [ app_end ] --START--
INFO: Run Behavior\ShowPageTraceBehavior [ RunTime:0.000000s ]
INFO: [ app_end ] --END-- [ RunTime:0.000000s ]

[ 2015-07-20T22:32:21+08:00 ] ::1 /appcms/index.php/Home/Adv/addAdv
INFO: [ app_init ] --START--
INFO: Run Behavior\BuildLiteBehavior [ RunTime:0.000000s ]
INFO: [ app_init ] --END-- [ RunTime:0.000000s ]
INFO: [ app_begin ] --START--
INFO: Run Behavior\ReadHtmlCacheBehavior [ RunTime:0.000000s ]
INFO: [ app_begin ] --END-- [ RunTime:0.000000s ]
NOTIC: [8] Undefined variable: advimage D:\code\appcms\Application\Home\Controller\AdvController.class.php 第 46 行.
INFO: [ view_parse ] --START--
INFO: [ template_filter ] --START--
INFO: Run Behavior\ContentReplaceBehavior [ RunTime:0.000000s ]
INFO: [ template_filter ] --END-- [ RunTime:0.000000s ]
NOTIC: [8] Undefined variable: appname D:\code\appcms\Application\Runtime\Cache\Home\a76566f4b58f3ba102adf75dce172164.php 第 4 行.
INFO: Run Behavior\ParseTemplateBehavior [ RunTime:0.000000s ]
INFO: [ view_parse ] --END-- [ RunTime:0.000000s ]
INFO: [ view_filter ] --START--
INFO: Run Behavior\WriteHtmlCacheBehavior [ RunTime:0.000000s ]
INFO: [ view_filter ] --END-- [ RunTime:0.000000s ]

[ 2015-07-20T22:32:24+08:00 ] ::1 /appcms/index.php/Home/Adv/addAdv
INFO: [ app_init ] --START--
INFO: Run Behavior\BuildLiteBehavior [ RunTime:0.000000s ]
INFO: [ app_init ] --END-- [ RunTime:0.000000s ]
INFO: [ app_begin ] --START--
INFO: Run Behavior\ReadHtmlCacheBehavior [ RunTime:0.000000s ]
INFO: [ app_begin ] --END-- [ RunTime:0.000000s ]
NOTIC: [8] Undefined variable: advimage D:\code\appcms\Application\Home\Controller\AdvController.class.php 第 46 行.
INFO: [ view_parse ] --START--
INFO: [ template_filter ] --START--
INFO: Run Behavior\ContentReplaceBehavior [ RunTime:0.000000s ]
INFO: [ template_filter ] --END-- [ RunTime:0.000000s ]
NOTIC: [8] Undefined variable: appname D:\code\appcms\Application\Runtime\Cache\Home\a76566f4b58f3ba102adf75dce172164.php 第 4 行.
INFO: Run Behavior\ParseTemplateBehavior [ RunTime:0.000000s ]
INFO: [ view_parse ] --END-- [ RunTime:0.000000s ]
INFO: [ view_filter ] --START--
INFO: Run Behavior\WriteHtmlCacheBehavior [ RunTime:0.000000s ]
INFO: [ view_filter ] --END-- [ RunTime:0.000000s ]

[ 2015-07-20T22:32:26+08:00 ] ::1 /appcms/index.php/Home/Adv/addAdv
INFO: [ app_init ] --START--
INFO: Run Behavior\BuildLiteBehavior [ RunTime:0.000000s ]
INFO: [ app_init ] --END-- [ RunTime:0.000000s ]
INFO: [ app_begin ] --START--
INFO: Run Behavior\ReadHtmlCacheBehavior [ RunTime:0.000000s ]
INFO: [ app_begin ] --END-- [ RunTime:0.000000s ]
NOTIC: [8] Undefined variable: AppAdmins D:\code\appcms\Application\Home\Controller\AdvController.class.php 第 31 行.

[ 2015-07-20T22:34:23+08:00 ] ::1 /appcms/index.php/Home/Adv/addAdv
INFO: [ app_init ] --START--
INFO: Run Behavior\BuildLiteBehavior [ RunTime:0.000000s ]
INFO: [ app_init ] --END-- [ RunTime:0.000000s ]
INFO: [ app_begin ] --START--
INFO: Run Behavior\ReadHtmlCacheBehavior [ RunTime:0.000000s ]
INFO: [ app_begin ] --END-- [ RunTime:0.000000s ]
NOTIC: [8] Undefined index: appimage D:\code\appcms\Application\Home\Controller\AdvController.class.php 第 66 行.
NOTIC: [2] getimagesize(): Filename cannot be empty D:\code\appcms\Application\Home\Controller\AdvController.class.php 第 80 行.
INFO: [ view_parse ] --START--
INFO: [ template_filter ] --START--
INFO: Run Behavior\ContentReplaceBehavior [ RunTime:0.000000s ]
INFO: [ template_filter ] --END-- [ RunTime:0.000000s ]
NOTIC: [8] Undefined variable: appname D:\code\appcms\Application\Runtime\Cache\Home\a76566f4b58f3ba102adf75dce172164.php 第 4 行.
INFO: Run Behavior\ParseTemplateBehavior [ RunTime:0.016600s ]
INFO: [ view_parse ] --END-- [ RunTime:0.016600s ]
INFO: [ view_filter ] --START--
INFO: Run Behavior\WriteHtmlCacheBehavior [ RunTime:0.000000s ]
INFO: [ view_filter ] --END-- [ RunTime:0.000000s ]

[ 2015-07-20T22:38:26+08:00 ] ::1 /appcms/index.php/Home/Adv/addAdv
INFO: [ app_init ] --START--
INFO: Run Behavior\BuildLiteBehavior [ RunTime:0.000000s ]
INFO: [ app_init ] --END-- [ RunTime:0.000000s ]
INFO: [ app_begin ] --START--
INFO: Run Behavior\ReadHtmlCacheBehavior [ RunTime:0.000000s ]
INFO: [ app_begin ] --END-- [ RunTime:0.000000s ]
NOTIC: [8] Undefined index: appimage D:\code\appcms\Application\Home\Controller\AdvController.class.php 第 65 行.
NOTIC: [2] getimagesize(): Filename cannot be empty D:\code\appcms\Application\Home\Controller\AdvController.class.php 第 79 行.
INFO: [ view_parse ] --START--
INFO: [ template_filter ] --START--
INFO: Run Behavior\ContentReplaceBehavior [ RunTime:0.000000s ]
INFO: [ template_filter ] --END-- [ RunTime:0.000000s ]
NOTIC: [8] Undefined variable: appname D:\code\appcms\Application\Runtime\Cache\Home\a76566f4b58f3ba102adf75dce172164.php 第 4 行.
INFO: Run Behavior\ParseTemplateBehavior [ RunTime:0.000000s ]
INFO: [ view_parse ] --END-- [ RunTime:0.000000s ]
INFO: [ view_filter ] --START--
INFO: Run Behavior\WriteHtmlCacheBehavior [ RunTime:0.000000s ]
INFO: [ view_filter ] --END-- [ RunTime:0.000000s ]

[ 2015-07-20T22:38:41+08:00 ] ::1 /appcms/index.php/Home/Adv/addAdv
INFO: [ app_init ] --START--
INFO: Run Behavior\BuildLiteBehavior [ RunTime:0.000000s ]
INFO: [ app_init ] --END-- [ RunTime:0.000000s ]
INFO: [ app_begin ] --START--
INFO: Run Behavior\ReadHtmlCacheBehavior [ RunTime:0.000000s ]
INFO: [ app_begin ] --END-- [ RunTime:0.000000s ]
NOTIC: [8] Undefined index: appimage D:\code\appcms\Application\Home\Controller\AdvController.class.php 第 65 行.
NOTIC: [2] getimagesize(): Filename cannot be empty D:\code\appcms\Application\Home\Controller\AdvController.class.php 第 79 行.
INFO: [ view_parse ] --START--
INFO: [ template_filter ] --START--
INFO: Run Behavior\ContentReplaceBehavior [ RunTime:0.000000s ]
INFO: [ template_filter ] --END-- [ RunTime:0.000000s ]
NOTIC: [8] Undefined variable: appname D:\code\appcms\Application\Runtime\Cache\Home\a76566f4b58f3ba102adf75dce172164.php 第 4 行.
INFO: Run Behavior\ParseTemplateBehavior [ RunTime:0.000000s ]
INFO: [ view_parse ] --END-- [ RunTime:0.000000s ]
INFO: [ view_filter ] --START--
INFO: Run Behavior\WriteHtmlCacheBehavior [ RunTime:0.000000s ]
INFO: [ view_filter ] --END-- [ RunTime:0.000000s ]

[ 2015-07-20T22:39:16+08:00 ] ::1 /appcms/index.php/Home/Adv/addAdv
INFO: [ app_init ] --START--
INFO: Run Behavior\BuildLiteBehavior [ RunTime:0.000000s ]
INFO: [ app_init ] --END-- [ RunTime:0.000000s ]
INFO: [ app_begin ] --START--
INFO: Run Behavior\ReadHtmlCacheBehavior [ RunTime:0.000000s ]
INFO: [ app_begin ] --END-- [ RunTime:0.000000s ]
INFO: [ view_parse ] --START--
INFO: [ template_filter ] --START--
INFO: Run Behavior\ContentReplaceBehavior [ RunTime:0.000000s ]
INFO: [ template_filter ] --END-- [ RunTime:0.000000s ]
NOTIC: [8] Undefined variable: appname D:\code\appcms\Application\Runtime\Cache\Home\a76566f4b58f3ba102adf75dce172164.php 第 4 行.
INFO: Run Behavior\ParseTemplateBehavior [ RunTime:0.000000s ]
INFO: [ view_parse ] --END-- [ RunTime:0.000000s ]
INFO: [ view_filter ] --START--
INFO: Run Behavior\WriteHtmlCacheBehavior [ RunTime:0.000000s ]
INFO: [ view_filter ] --END-- [ RunTime:0.000000s ]

[ 2015-07-20T22:39:25+08:00 ] ::1 /appcms/index.php/Home/Adv/addAdv
INFO: [ app_init ] --START--
INFO: Run Behavior\BuildLiteBehavior [ RunTime:0.000000s ]
INFO: [ app_init ] --END-- [ RunTime:0.000000s ]
INFO: [ app_begin ] --START--
INFO: Run Behavior\ReadHtmlCacheBehavior [ RunTime:0.015600s ]
INFO: [ app_begin ] --END-- [ RunTime:0.015600s ]
INFO: [ view_parse ] --START--
INFO: [ template_filter ] --START--
INFO: Run Behavior\ContentReplaceBehavior [ RunTime:0.000000s ]
INFO: [ template_filter ] --END-- [ RunTime:0.000000s ]
NOTIC: [8] Undefined variable: appname D:\code\appcms\Application\Runtime\Cache\Home\a76566f4b58f3ba102adf75dce172164.php 第 4 行.
INFO: Run Behavior\ParseTemplateBehavior [ RunTime:0.015600s ]
INFO: [ view_parse ] --END-- [ RunTime:0.015600s ]
INFO: [ view_filter ] --START--
INFO: Run Behavior\WriteHtmlCacheBehavior [ RunTime:0.000000s ]
INFO: [ view_filter ] --END-- [ RunTime:0.000000s ]

[ 2015-07-20T22:40:09+08:00 ] ::1 /appcms/index.php/Home/Adv/addAdv
INFO: [ app_init ] --START--
INFO: Run Behavior\BuildLiteBehavior [ RunTime:0.000000s ]
INFO: [ app_init ] --END-- [ RunTime:0.001000s ]
INFO: [ app_begin ] --START--
INFO: Run Behavior\ReadHtmlCacheBehavior [ RunTime:0.000000s ]
INFO: [ app_begin ] --END-- [ RunTime:0.000000s ]
INFO: [ view_parse ] --START--
INFO: [ template_filter ] --START--
INFO: Run Behavior\ContentReplaceBehavior [ RunTime:0.000000s ]
INFO: [ template_filter ] --END-- [ RunTime:0.000000s ]
NOTIC: [8] Undefined variable: appname D:\code\appcms\Application\Runtime\Cache\Home\a76566f4b58f3ba102adf75dce172164.php 第 4 行.
INFO: Run Behavior\ParseTemplateBehavior [ RunTime:0.006000s ]
INFO: [ view_parse ] --END-- [ RunTime:0.006000s ]
INFO: [ view_filter ] --START--
INFO: Run Behavior\WriteHtmlCacheBehavior [ RunTime:0.000000s ]
INFO: [ view_filter ] --END-- [ RunTime:0.000000s ]

[ 2015-07-20T22:40:10+08:00 ] ::1 /appcms/index.php/Home/Adv/addAdv
INFO: [ app_init ] --START--
INFO: Run Behavior\BuildLiteBehavior [ RunTime:0.000000s ]
INFO: [ app_init ] --END-- [ RunTime:0.000000s ]
INFO: [ app_begin ] --START--
INFO: Run Behavior\ReadHtmlCacheBehavior [ RunTime:0.000000s ]
INFO: [ app_begin ] --END-- [ RunTime:0.000000s ]
INFO: [ view_parse ] --START--
INFO: [ template_filter ] --START--
INFO: Run Behavior\ContentReplaceBehavior [ RunTime:0.000000s ]
INFO: [ template_filter ] --END-- [ RunTime:0.000000s ]
NOTIC: [8] Undefined variable: appname D:\code\appcms\Application\Runtime\Cache\Home\a76566f4b58f3ba102adf75dce172164.php 第 4 行.
INFO: Run Behavior\ParseTemplateBehavior [ RunTime:0.000000s ]
INFO: [ view_parse ] --END-- [ RunTime:0.000000s ]
INFO: [ view_filter ] --START--
INFO: Run Behavior\WriteHtmlCacheBehavior [ RunTime:0.000000s ]
INFO: [ view_filter ] --END-- [ RunTime:0.000000s ]

[ 2015-07-20T22:40:12+08:00 ] ::1 /appcms/index.php/Home/Adv/addAdv
INFO: [ app_init ] --START--
INFO: Run Behavior\BuildLiteBehavior [ RunTime:0.000000s ]
INFO: [ app_init ] --END-- [ RunTime:0.000000s ]
INFO: [ app_begin ] --START--
INFO: Run Behavior\ReadHtmlCacheBehavior [ RunTime:0.000000s ]
INFO: [ app_begin ] --END-- [ RunTime:0.000000s ]
INFO: [ view_parse ] --START--
INFO: [ template_filter ] --START--
INFO: Run Behavior\ContentReplaceBehavior [ RunTime:0.000000s ]
INFO: [ template_filter ] --END-- [ RunTime:0.000000s ]
NOTIC: [8] Undefined variable: appname D:\code\appcms\Application\Runtime\Cache\Home\a76566f4b58f3ba102adf75dce172164.php 第 4 行.
INFO: Run Behavior\ParseTemplateBehavior [ RunTime:0.015600s ]
INFO: [ view_parse ] --END-- [ RunTime:0.015600s ]
INFO: [ view_filter ] --START--
INFO: Run Behavior\WriteHtmlCacheBehavior [ RunTime:0.000000s ]
INFO: [ view_filter ] --END-- [ RunTime:0.000000s ]

[ 2015-07-20T22:40:14+08:00 ] ::1 /appcms/index.php/Home/Adv/addAdv
INFO: [ app_init ] --START--
INFO: Run Behavior\BuildLiteBehavior [ RunTime:0.000000s ]
INFO: [ app_init ] --END-- [ RunTime:0.000000s ]
INFO: [ app_begin ] --START--
INFO: Run Behavior\ReadHtmlCacheBehavior [ RunTime:0.000000s ]
INFO: [ app_begin ] --END-- [ RunTime:0.000000s ]
INFO: [ view_parse ] --START--
INFO: [ template_filter ] --START--
INFO: Run Behavior\ContentReplaceBehavior [ RunTime:0.000000s ]
INFO: [ template_filter ] --END-- [ RunTime:0.000000s ]
NOTIC: [8] Undefined variable: appname D:\code\appcms\Application\Runtime\Cache\Home\a76566f4b58f3ba102adf75dce172164.php 第 4 行.
INFO: Run Behavior\ParseTemplateBehavior [ RunTime:0.000000s ]
INFO: [ view_parse ] --END-- [ RunTime:0.000000s ]
INFO: [ view_filter ] --START--
INFO: Run Behavior\WriteHtmlCacheBehavior [ RunTime:0.000000s ]
INFO: [ view_filter ] --END-- [ RunTime:0.000000s ]

[ 2015-07-20T22:40:25+08:00 ] ::1 /appcms/index.php/Home/Adv/addAdv
INFO: [ app_init ] --START--
INFO: Run Behavior\BuildLiteBehavior [ RunTime:0.000000s ]
INFO: [ app_init ] --END-- [ RunTime:0.000000s ]
INFO: [ app_begin ] --START--
INFO: Run Behavior\ReadHtmlCacheBehavior [ RunTime:0.000000s ]
INFO: [ app_begin ] --END-- [ RunTime:0.000000s ]
INFO: [ view_parse ] --START--
INFO: [ template_filter ] --START--
INFO: Run Behavior\ContentReplaceBehavior [ RunTime:0.000000s ]
INFO: [ template_filter ] --END-- [ RunTime:0.000000s ]
NOTIC: [8] Undefined variable: appname D:\code\appcms\Application\Runtime\Cache\Home\a76566f4b58f3ba102adf75dce172164.php 第 4 行.
INFO: Run Behavior\ParseTemplateBehavior [ RunTime:0.000000s ]
INFO: [ view_parse ] --END-- [ RunTime:0.000000s ]
INFO: [ view_filter ] --START--
INFO: Run Behavior\WriteHtmlCacheBehavior [ RunTime:0.000000s ]
INFO: [ view_filter ] --END-- [ RunTime:0.000000s ]

[ 2015-07-20T22:40:29+08:00 ] ::1 /appcms/index.php/Home/Adv/addAdv
INFO: [ app_init ] --START--
INFO: Run Behavior\BuildLiteBehavior [ RunTime:0.000000s ]
INFO: [ app_init ] --END-- [ RunTime:0.000000s ]
INFO: [ app_begin ] --START--
INFO: Run Behavior\ReadHtmlCacheBehavior [ RunTime:0.000000s ]
INFO: [ app_begin ] --END-- [ RunTime:0.000000s ]
INFO: [ view_parse ] --START--
INFO: [ template_filter ] --START--
INFO: Run Behavior\ContentReplaceBehavior [ RunTime:0.000000s ]
INFO: [ template_filter ] --END-- [ RunTime:0.000000s ]
NOTIC: [8] Undefined variable: appname D:\code\appcms\Application\Runtime\Cache\Home\a76566f4b58f3ba102adf75dce172164.php 第 4 行.
INFO: Run Behavior\ParseTemplateBehavior [ RunTime:0.015600s ]
INFO: [ view_parse ] --END-- [ RunTime:0.015600s ]
INFO: [ view_filter ] --START--
INFO: Run Behavior\WriteHtmlCacheBehavior [ RunTime:0.000000s ]
INFO: [ view_filter ] --END-- [ RunTime:0.000000s ]

[ 2015-07-20T22:41:33+08:00 ] ::1 /appcms/index.php/Home/Adv/addAdv
INFO: [ app_init ] --START--
INFO: Run Behavior\BuildLiteBehavior [ RunTime:0.000000s ]
INFO: [ app_init ] --END-- [ RunTime:0.000000s ]
INFO: [ app_begin ] --START--
INFO: Run Behavior\ReadHtmlCacheBehavior [ RunTime:0.000000s ]
INFO: [ app_begin ] --END-- [ RunTime:0.000000s ]
INFO: [ view_parse ] --START--
INFO: [ template_filter ] --START--
INFO: Run Behavior\ContentReplaceBehavior [ RunTime:0.000000s ]
INFO: [ template_filter ] --END-- [ RunTime:0.000000s ]
NOTIC: [8] Undefined variable: appname D:\code\appcms\Application\Runtime\Cache\Home\a76566f4b58f3ba102adf75dce172164.php 第 4 行.
INFO: Run Behavior\ParseTemplateBehavior [ RunTime:0.000000s ]
INFO: [ view_parse ] --END-- [ RunTime:0.000000s ]
INFO: [ view_filter ] --START--
INFO: Run Behavior\WriteHtmlCacheBehavior [ RunTime:0.000000s ]
INFO: [ view_filter ] --END-- [ RunTime:0.000000s ]

[ 2015-07-20T22:41:57+08:00 ] ::1 /appcms/index.php/Home/Adv/addAdv
INFO: [ app_init ] --START--
INFO: Run Behavior\BuildLiteBehavior [ RunTime:0.000000s ]
INFO: [ app_init ] --END-- [ RunTime:0.000000s ]
INFO: [ app_begin ] --START--
INFO: Run Behavior\ReadHtmlCacheBehavior [ RunTime:0.015600s ]
INFO: [ app_begin ] --END-- [ RunTime:0.015600s ]
INFO: [ view_parse ] --START--
INFO: [ template_filter ] --START--
INFO: Run Behavior\ContentReplaceBehavior [ RunTime:0.000000s ]
INFO: [ template_filter ] --END-- [ RunTime:0.000000s ]
NOTIC: [8] Undefined variable: appname D:\code\appcms\Application\Runtime\Cache\Home\a76566f4b58f3ba102adf75dce172164.php 第 4 行.
INFO: Run Behavior\ParseTemplateBehavior [ RunTime:0.000000s ]
INFO: [ view_parse ] --END-- [ RunTime:0.000000s ]
INFO: [ view_filter ] --START--
INFO: Run Behavior\WriteHtmlCacheBehavior [ RunTime:0.000000s ]
INFO: [ view_filter ] --END-- [ RunTime:0.000000s ]

[ 2015-07-20T22:42:13+08:00 ] ::1 /appcms/index.php/Home/Adv/addAdv
INFO: [ app_init ] --START--
INFO: Run Behavior\BuildLiteBehavior [ RunTime:0.000000s ]
INFO: [ app_init ] --END-- [ RunTime:0.000000s ]
INFO: [ app_begin ] --START--
INFO: Run Behavior\ReadHtmlCacheBehavior [ RunTime:0.000000s ]
INFO: [ app_begin ] --END-- [ RunTime:0.000000s ]
INFO: [ view_parse ] --START--
INFO: [ template_filter ] --START--
INFO: Run Behavior\ContentReplaceBehavior [ RunTime:0.000000s ]
INFO: [ template_filter ] --END-- [ RunTime:0.000000s ]
NOTIC: [8] Undefined variable: appname D:\code\appcms\Application\Runtime\Cache\Home\a76566f4b58f3ba102adf75dce172164.php 第 4 行.
INFO: Run Behavior\ParseTemplateBehavior [ RunTime:0.015600s ]
INFO: [ view_parse ] --END-- [ RunTime:0.015600s ]
INFO: [ view_filter ] --START--
INFO: Run Behavior\WriteHtmlCacheBehavior [ RunTime:0.000000s ]
INFO: [ view_filter ] --END-- [ RunTime:0.000000s ]

[ 2015-07-20T22:44:48+08:00 ] ::1 /appcms/index.php/Home/Adv/addAdv
INFO: [ app_init ] --START--
INFO: Run Behavior\BuildLiteBehavior [ RunTime:0.000000s ]
INFO: [ app_init ] --END-- [ RunTime:0.000000s ]
INFO: [ app_begin ] --START--
INFO: Run Behavior\ReadHtmlCacheBehavior [ RunTime:0.000000s ]
INFO: [ app_begin ] --END-- [ RunTime:0.000000s ]
INFO: [ view_parse ] --START--
INFO: [ template_filter ] --START--
INFO: Run Behavior\ContentReplaceBehavior [ RunTime:0.000000s ]
INFO: [ template_filter ] --END-- [ RunTime:0.000000s ]
NOTIC: [8] Undefined variable: appname D:\code\appcms\Application\Runtime\Cache\Home\a76566f4b58f3ba102adf75dce172164.php 第 4 行.
INFO: Run Behavior\ParseTemplateBehavior [ RunTime:0.000000s ]
INFO: [ view_parse ] --END-- [ RunTime:0.000000s ]
INFO: [ view_filter ] --START--
INFO: Run Behavior\WriteHtmlCacheBehavior [ RunTime:0.000000s ]
INFO: [ view_filter ] --END-- [ RunTime:0.000000s ]

[ 2015-07-20T22:44:50+08:00 ] ::1 /appcms/index.php/Home/Adv/addAdv
INFO: [ app_init ] --START--
INFO: Run Behavior\BuildLiteBehavior [ RunTime:0.000000s ]
INFO: [ app_init ] --END-- [ RunTime:0.000000s ]
INFO: [ app_begin ] --START--
INFO: Run Behavior\ReadHtmlCacheBehavior [ RunTime:0.000000s ]
INFO: [ app_begin ] --END-- [ RunTime:0.000000s ]
INFO: [ view_parse ] --START--
INFO: [ template_filter ] --START--
INFO: Run Behavior\ContentReplaceBehavior [ RunTime:0.000000s ]
INFO: [ template_filter ] --END-- [ RunTime:0.000000s ]
NOTIC: [8] Undefined variable: appname D:\code\appcms\Application\Runtime\Cache\Home\a76566f4b58f3ba102adf75dce172164.php 第 4 行.
INFO: Run Behavior\ParseTemplateBehavior [ RunTime:0.000000s ]
INFO: [ view_parse ] --END-- [ RunTime:0.000000s ]
INFO: [ view_filter ] --START--
INFO: Run Behavior\WriteHtmlCacheBehavior [ RunTime:0.000000s ]
INFO: [ view_filter ] --END-- [ RunTime:0.000000s ]

[ 2015-07-20T22:44:55+08:00 ] ::1 /appcms/index.php/Home/Adv/addAdv
INFO: [ app_init ] --START--
INFO: Run Behavior\BuildLiteBehavior [ RunTime:0.000000s ]
INFO: [ app_init ] --END-- [ RunTime:0.000000s ]
INFO: [ app_begin ] --START--
INFO: Run Behavior\ReadHtmlCacheBehavior [ RunTime:0.000000s ]
INFO: [ app_begin ] --END-- [ RunTime:0.000000s ]
INFO: [ view_parse ] --START--
INFO: [ template_filter ] --START--
INFO: Run Behavior\ContentReplaceBehavior [ RunTime:0.000000s ]
INFO: [ template_filter ] --END-- [ RunTime:0.000000s ]
NOTIC: [8] Undefined variable: appname D:\code\appcms\Application\Runtime\Cache\Home\a76566f4b58f3ba102adf75dce172164.php 第 4 行.
INFO: Run Behavior\ParseTemplateBehavior [ RunTime:0.000000s ]
INFO: [ view_parse ] --END-- [ RunTime:0.000000s ]
INFO: [ view_filter ] --START--
INFO: Run Behavior\WriteHtmlCacheBehavior [ RunTime:0.015600s ]
INFO: [ view_filter ] --END-- [ RunTime:0.015600s ]

[ 2015-07-20T22:44:59+08:00 ] ::1 /appcms/index.php/Home/AppAdmins/index/
INFO: [ app_init ] --START--
INFO: Run Behavior\BuildLiteBehavior [ RunTime:0.000000s ]
INFO: [ app_init ] --END-- [ RunTime:0.000000s ]
INFO: [ app_begin ] --START--
INFO: Run Behavior\ReadHtmlCacheBehavior [ RunTime:0.000000s ]
INFO: [ app_begin ] --END-- [ RunTime:0.000000s ]
SQL: SHOW COLUMNS FROM `very_app` [ RunTime:0.015600s ]
SQL: select id,appname,apptype,appsystem,applanguage,money,time from very_app order by time desc [ RunTime:0.000000s ]
INFO: [ view_parse ] --START--
INFO: [ template_filter ] --START--
INFO: Run Behavior\ContentReplaceBehavior [ RunTime:0.000000s ]
INFO: [ template_filter ] --END-- [ RunTime:0.000000s ]
NOTIC: [8] Undefined variable: appname D:\code\appcms\Application\Runtime\Cache\Home\94535588fc78beee5edf69e1f31a1444.php 第 4 行.
INFO: Run Behavior\ParseTemplateBehavior [ RunTime:0.015600s ]
INFO: [ view_parse ] --END-- [ RunTime:0.015600s ]
INFO: [ view_filter ] --START--
INFO: Run Behavior\WriteHtmlCacheBehavior [ RunTime:0.000000s ]
INFO: [ view_filter ] --END-- [ RunTime:0.000000s ]
INFO: [ app_end ] --START--
INFO: Run Behavior\ShowPageTraceBehavior [ RunTime:0.000000s ]
INFO: [ app_end ] --END-- [ RunTime:0.000000s ]

[ 2015-07-20T22:45:00+08:00 ] ::1 /appcms/index.php/Home/AppAdmins/makeJob
INFO: [ app_init ] --START--
INFO: Run Behavior\BuildLiteBehavior [ RunTime:0.000000s ]
INFO: [ app_init ] --END-- [ RunTime:0.000000s ]
INFO: [ app_begin ] --START--
INFO: Run Behavior\ReadHtmlCacheBehavior [ RunTime:0.000000s ]
INFO: [ app_begin ] --END-- [ RunTime:0.000000s ]
SQL: SHOW COLUMNS FROM `very_type` [ RunTime:0.000000s ]
SQL: SELECT type_id,type_name FROM very_type [ RunTime:0.000000s ]
NOTIC: [8] Undefined index: subapp D:\code\appcms\Application\Home\Controller\AppAdminsController.class.php 第 36 行.
INFO: [ view_parse ] --START--
INFO: [ template_filter ] --START--
INFO: Run Behavior\ContentReplaceBehavior [ RunTime:0.000000s ]
INFO: [ template_filter ] --END-- [ RunTime:0.000000s ]
NOTIC: [8] Undefined variable: appname D:\code\appcms\Application\Runtime\Cache\Home\dc9fbe82f3326df9aac986e3378ea34f.php 第 4 行.
NOTIC: [8] Undefined variable: error D:\code\appcms\Application\Runtime\Cache\Home\dc9fbe82f3326df9aac986e3378ea34f.php 第 32 行.
NOTIC: [8] Undefined variable: appname D:\code\appcms\Application\Runtime\Cache\Home\dc9fbe82f3326df9aac986e3378ea34f.php 第 37 行.
NOTIC: [8] Undefined variable: apptype D:\code\appcms\Application\Runtime\Cache\Home\dc9fbe82f3326df9aac986e3378ea34f.php 第 44 行.
NOTIC: [8] Undefined variable: apptype D:\code\appcms\Application\Runtime\Cache\Home\dc9fbe82f3326df9aac986e3378ea34f.php 第 44 行.
NOTIC: [8] Undefined variable: apptype D:\code\appcms\Application\Runtime\Cache\Home\dc9fbe82f3326df9aac986e3378ea34f.php 第 44 行.
NOTIC: [8] Undefined variable: apptype D:\code\appcms\Application\Runtime\Cache\Home\dc9fbe82f3326df9aac986e3378ea34f.php 第 44 行.
NOTIC: [8] Undefined variable: apptype D:\code\appcms\Application\Runtime\Cache\Home\dc9fbe82f3326df9aac986e3378ea34f.php 第 44 行.
NOTIC: [8] Undefined variable: apptype D:\code\appcms\Application\Runtime\Cache\Home\dc9fbe82f3326df9aac986e3378ea34f.php 第 44 行.
NOTIC: [8] Undefined variable: apptype D:\code\appcms\Application\Runtime\Cache\Home\dc9fbe82f3326df9aac986e3378ea34f.php 第 44 行.
NOTIC: [8] Undefined variable: apptype D:\code\appcms\Application\Runtime\Cache\Home\dc9fbe82f3326df9aac986e3378ea34f.php 第 44 行.
NOTIC: [8] Undefined variable: apptype D:\code\appcms\Application\Runtime\Cache\Home\dc9fbe82f3326df9aac986e3378ea34f.php 第 44 行.
NOTIC: [8] Undefined variable: apptype D:\code\appcms\Application\Runtime\Cache\Home\dc9fbe82f3326df9aac986e3378ea34f.php 第 44 行.
NOTIC: [8] Undefined variable: apptype D:\code\appcms\Application\Runtime\Cache\Home\dc9fbe82f3326df9aac986e3378ea34f.php 第 44 行.
NOTIC: [8] Undefined variable: apptype D:\code\appcms\Application\Runtime\Cache\Home\dc9fbe82f3326df9aac986e3378ea34f.php 第 44 行.
NOTIC: [8] Undefined variable: apptype D:\code\appcms\Application\Runtime\Cache\Home\dc9fbe82f3326df9aac986e3378ea34f.php 第 44 行.
NOTIC: [8] Undefined variable: apptype D:\code\appcms\Application\Runtime\Cache\Home\dc9fbe82f3326df9aac986e3378ea34f.php 第 44 行.
NOTIC: [8] Undefined variable: apptype D:\code\appcms\Application\Runtime\Cache\Home\dc9fbe82f3326df9aac986e3378ea34f.php 第 44 行.
NOTIC: [8] Undefined variable: money D:\code\appcms\Application\Runtime\Cache\Home\dc9fbe82f3326df9aac986e3378ea34f.php 第 52 行.
NOTIC: [8] Undefined variable: money D:\code\appcms\Application\Runtime\Cache\Home\dc9fbe82f3326df9aac986e3378ea34f.php 第 53 行.
NOTIC: [8] Undefined variable: appshowname D:\code\appcms\Application\Runtime\Cache\Home\dc9fbe82f3326df9aac986e3378ea34f.php 第 60 行.
NOTIC: [8] Undefined variable: appversion D:\code\appcms\Application\Runtime\Cache\Home\dc9fbe82f3326df9aac986e3378ea34f.php 第 66 行.
NOTIC: [8] Undefined variable: applanguage D:\code\appcms\Application\Runtime\Cache\Home\dc9fbe82f3326df9aac986e3378ea34f.php 第 73 行.
NOTIC: [8] Undefined variable: applanguage D:\code\appcms\Application\Runtime\Cache\Home\dc9fbe82f3326df9aac986e3378ea34f.php 第 74 行.
NOTIC: [8] Undefined variable: applanguage D:\code\appcms\Application\Runtime\Cache\Home\dc9fbe82f3326df9aac986e3378ea34f.php 第 75 行.
NOTIC: [8] Undefined variable: appsystem D:\code\appcms\Application\Runtime\Cache\Home\dc9fbe82f3326df9aac986e3378ea34f.php 第 83 行.
NOTIC: [8] Undefined variable: appsystem D:\code\appcms\Application\Runtime\Cache\Home\dc9fbe82f3326df9aac986e3378ea34f.php 第 84 行.
NOTIC: [8] Undefined variable: appsystem D:\code\appcms\Application\Runtime\Cache\Home\dc9fbe82f3326df9aac986e3378ea34f.php 第 85 行.
NOTIC: [8] Undefined variable: appsystem D:\code\appcms\Application\Runtime\Cache\Home\dc9fbe82f3326df9aac986e3378ea34f.php 第 86 行.
NOTIC: [8] Undefined variable: apphome D:\code\appcms\Application\Runtime\Cache\Home\dc9fbe82f3326df9aac986e3378ea34f.php 第 93 行.
NOTIC: [8] Undefined variable: come D:\code\appcms\Application\Runtime\Cache\Home\dc9fbe82f3326df9aac986e3378ea34f.php 第 104 行.
NOTIC: [8] Undefined variable: summary D:\code\appcms\Application\Runtime\Cache\Home\dc9fbe82f3326df9aac986e3378ea34f.php 第 110 行.
NOTIC: [8] Undefined variable: upsummary D:\code\appcms\Application\Runtime\Cache\Home\dc9fbe82f3326df9aac986e3378ea34f.php 第 118 行.
INFO: Run Behavior\ParseTemplateBehavior [ RunTime:0.000000s ]
INFO: [ view_parse ] --END-- [ RunTime:0.000000s ]
INFO: [ view_filter ] --START--
INFO: Run Behavior\WriteHtmlCacheBehavior [ RunTime:0.000000s ]
INFO: [ view_filter ] --END-- [ RunTime:0.000000s ]
INFO: [ app_end ] --START--
INFO: Run Behavior\ShowPageTraceBehavior [ RunTime:0.000000s ]
INFO: [ app_end ] --END-- [ RunTime:0.000000s ]

[ 2015-07-20T22:45:13+08:00 ] ::1 /appcms/index.php/Home/AppAdmins/makeJob
INFO: [ app_init ] --START--
INFO: Run Behavior\BuildLiteBehavior [ RunTime:0.000000s ]
INFO: [ app_init ] --END-- [ RunTime:0.000000s ]
INFO: [ app_begin ] --START--
INFO: Run Behavior\ReadHtmlCacheBehavior [ RunTime:0.000000s ]
INFO: [ app_begin ] --END-- [ RunTime:0.000000s ]
SQL: SHOW COLUMNS FROM `very_type` [ RunTime:0.000000s ]
SQL: SELECT type_id,type_name FROM very_type [ RunTime:0.000000s ]
INFO: [ view_parse ] --START--
INFO: [ template_filter ] --START--
INFO: Run Behavior\ContentReplaceBehavior [ RunTime:0.000000s ]
INFO: [ template_filter ] --END-- [ RunTime:0.000000s ]
INFO: Run Behavior\ParseTemplateBehavior [ RunTime:0.000000s ]
INFO: [ view_parse ] --END-- [ RunTime:0.000000s ]
INFO: [ view_filter ] --START--
INFO: Run Behavior\WriteHtmlCacheBehavior [ RunTime:0.000000s ]
INFO: [ view_filter ] --END-- [ RunTime:0.000000s ]

[ 2015-07-20T22:45:23+08:00 ] ::1 /appcms/index.php/Home/AppAdmins/makeJob
INFO: [ app_init ] --START--
INFO: Run Behavior\BuildLiteBehavior [ RunTime:0.000000s ]
INFO: [ app_init ] --END-- [ RunTime:0.000000s ]
INFO: [ app_begin ] --START--
INFO: Run Behavior\ReadHtmlCacheBehavior [ RunTime:0.000000s ]
INFO: [ app_begin ] --END-- [ RunTime:0.000000s ]
SQL: SHOW COLUMNS FROM `very_type` [ RunTime:0.000000s ]
SQL: SELECT type_id,type_name FROM very_type [ RunTime:0.000000s ]
INFO: [ view_parse ] --START--
INFO: [ template_filter ] --START--
INFO: Run Behavior\ContentReplaceBehavior [ RunTime:0.000000s ]
INFO: [ template_filter ] --END-- [ RunTime:0.000000s ]
INFO: Run Behavior\ParseTemplateBehavior [ RunTime:0.000000s ]
INFO: [ view_parse ] --END-- [ RunTime:0.000000s ]
INFO: [ view_filter ] --START--
INFO: Run Behavior\WriteHtmlCacheBehavior [ RunTime:0.000000s ]
INFO: [ view_filter ] --END-- [ RunTime:0.000000s ]

[ 2015-07-20T22:45:33+08:00 ] ::1 /appcms/index.php/Home/AppAdmins/makeJob
INFO: [ app_init ] --START--
INFO: Run Behavior\BuildLiteBehavior [ RunTime:0.000000s ]
INFO: [ app_init ] --END-- [ RunTime:0.000000s ]
INFO: [ app_begin ] --START--
INFO: Run Behavior\ReadHtmlCacheBehavior [ RunTime:0.000000s ]
INFO: [ app_begin ] --END-- [ RunTime:0.000000s ]
SQL: SHOW COLUMNS FROM `very_type` [ RunTime:0.000000s ]
SQL: SELECT type_id,type_name FROM very_type [ RunTime:0.000000s ]
INFO: [ view_parse ] --START--
INFO: [ template_filter ] --START--
INFO: Run Behavior\ContentReplaceBehavior [ RunTime:0.000000s ]
INFO: [ template_filter ] --END-- [ RunTime:0.000000s ]
INFO: Run Behavior\ParseTemplateBehavior [ RunTime:0.015600s ]
INFO: [ view_parse ] --END-- [ RunTime:0.015600s ]
INFO: [ view_filter ] --START--
INFO: Run Behavior\WriteHtmlCacheBehavior [ RunTime:0.000000s ]
INFO: [ view_filter ] --END-- [ RunTime:0.000000s ]

[ 2015-07-20T22:45:45+08:00 ] ::1 /appcms/index.php/Home/AppAdmins/makeJob
INFO: [ app_init ] --START--
INFO: Run Behavior\BuildLiteBehavior [ RunTime:0.000000s ]
INFO: [ app_init ] --END-- [ RunTime:0.000000s ]
INFO: [ app_begin ] --START--
INFO: Run Behavior\ReadHtmlCacheBehavior [ RunTime:0.000000s ]
INFO: [ app_begin ] --END-- [ RunTime:0.000000s ]
SQL: SHOW COLUMNS FROM `very_type` [ RunTime:0.000000s ]
SQL: SELECT type_id,type_name FROM very_type [ RunTime:0.000000s ]
INFO: [ view_parse ] --START--
INFO: [ template_filter ] --START--
INFO: Run Behavior\ContentReplaceBehavior [ RunTime:0.000000s ]
INFO: [ template_filter ] --END-- [ RunTime:0.000000s ]
INFO: Run Behavior\ParseTemplateBehavior [ RunTime:0.000000s ]
INFO: [ view_parse ] --END-- [ RunTime:0.000000s ]
INFO: [ view_filter ] --START--
INFO: Run Behavior\WriteHtmlCacheBehavior [ RunTime:0.000000s ]
INFO: [ view_filter ] --END-- [ RunTime:0.000000s ]

[ 2015-07-20T22:45:50+08:00 ] ::1 /appcms/index.php/Home/AppAdmins/makeJob
INFO: [ app_init ] --START--
INFO: Run Behavior\BuildLiteBehavior [ RunTime:0.000000s ]
INFO: [ app_init ] --END-- [ RunTime:0.000000s ]
INFO: [ app_begin ] --START--
INFO: Run Behavior\ReadHtmlCacheBehavior [ RunTime:0.000000s ]
INFO: [ app_begin ] --END-- [ RunTime:0.000000s ]
SQL: SHOW COLUMNS FROM `very_type` [ RunTime:0.000000s ]
SQL: SELECT type_id,type_name FROM very_type [ RunTime:0.000000s ]
INFO: [ view_parse ] --START--
INFO: [ template_filter ] --START--
INFO: Run Behavior\ContentReplaceBehavior [ RunTime:0.000000s ]
INFO: [ template_filter ] --END-- [ RunTime:0.000000s ]
INFO: Run Behavior\ParseTemplateBehavior [ RunTime:0.000000s ]
INFO: [ view_parse ] --END-- [ RunTime:0.000000s ]
INFO: [ view_filter ] --START--
INFO: Run Behavior\WriteHtmlCacheBehavior [ RunTime:0.000000s ]
INFO: [ view_filter ] --END-- [ RunTime:0.000000s ]

[ 2015-07-20T22:46:23+08:00 ] ::1 /appcms/index.php/Home/AppAdmins/makeJob
INFO: [ app_init ] --START--
INFO: Run Behavior\BuildLiteBehavior [ RunTime:0.000000s ]
INFO: [ app_init ] --END-- [ RunTime:0.000000s ]
INFO: [ app_begin ] --START--
INFO: Run Behavior\ReadHtmlCacheBehavior [ RunTime:0.000000s ]
INFO: [ app_begin ] --END-- [ RunTime:0.000000s ]
SQL: SHOW COLUMNS FROM `very_type` [ RunTime:0.000000s ]
SQL: SELECT type_id,type_name FROM very_type [ RunTime:0.000000s ]
INFO: [ view_parse ] --START--
INFO: [ template_filter ] --START--
INFO: Run Behavior\ContentReplaceBehavior [ RunTime:0.000000s ]
INFO: [ template_filter ] --END-- [ RunTime:0.000000s ]
INFO: Run Behavior\ParseTemplateBehavior [ RunTime:0.000000s ]
INFO: [ view_parse ] --END-- [ RunTime:0.000000s ]
INFO: [ view_filter ] --START--
INFO: Run Behavior\WriteHtmlCacheBehavior [ RunTime:0.000000s ]
INFO: [ view_filter ] --END-- [ RunTime:0.000000s ]

[ 2015-07-20T22:46:27+08:00 ] ::1 /appcms/index.php/Home/AppAdmins/makeJob
INFO: [ app_init ] --START--
INFO: Run Behavior\BuildLiteBehavior [ RunTime:0.000000s ]
INFO: [ app_init ] --END-- [ RunTime:0.000000s ]
INFO: [ app_begin ] --START--
INFO: Run Behavior\ReadHtmlCacheBehavior [ RunTime:0.000000s ]
INFO: [ app_begin ] --END-- [ RunTime:0.000000s ]
SQL: SHOW COLUMNS FROM `very_type` [ RunTime:0.000000s ]
SQL: SELECT type_id,type_name FROM very_type [ RunTime:0.000000s ]
INFO: [ view_parse ] --START--
INFO: [ template_filter ] --START--
INFO: Run Behavior\ContentReplaceBehavior [ RunTime:0.000000s ]
INFO: [ template_filter ] --END-- [ RunTime:0.000000s ]
INFO: Run Behavior\ParseTemplateBehavior [ RunTime:0.000000s ]
INFO: [ view_parse ] --END-- [ RunTime:0.000000s ]
INFO: [ view_filter ] --START--
INFO: Run Behavior\WriteHtmlCacheBehavior [ RunTime:0.000000s ]
INFO: [ view_filter ] --END-- [ RunTime:0.000000s ]

[ 2015-07-20T22:46:34+08:00 ] ::1 /appcms/index.php/Home/Adv/index/
INFO: [ app_init ] --START--
INFO: Run Behavior\BuildLiteBehavior [ RunTime:0.000000s ]
INFO: [ app_init ] --END-- [ RunTime:0.000000s ]
INFO: [ app_begin ] --START--
INFO: Run Behavior\ReadHtmlCacheBehavior [ RunTime:0.000000s ]
INFO: [ app_begin ] --END-- [ RunTime:0.000000s ]
INFO: [ view_parse ] --START--
INFO: [ template_filter ] --START--
INFO: Run Behavior\ContentReplaceBehavior [ RunTime:0.000000s ]
INFO: [ template_filter ] --END-- [ RunTime:0.000000s ]
NOTIC: [8] Undefined variable: appname D:\code\appcms\Application\Runtime\Cache\Home\66c672f362d294029ef1d2378721a92a.php 第 4 行.
NOTIC: [8] Undefined variable: app_list D:\code\appcms\Application\Runtime\Cache\Home\66c672f362d294029ef1d2378721a92a.php 第 53 行.
INFO: Run Behavior\ParseTemplateBehavior [ RunTime:0.015600s ]
INFO: [ view_parse ] --END-- [ RunTime:0.015600s ]
INFO: [ view_filter ] --START--
INFO: Run Behavior\WriteHtmlCacheBehavior [ RunTime:0.000000s ]
INFO: [ view_filter ] --END-- [ RunTime:0.000000s ]
INFO: [ app_end ] --START--
INFO: Run Behavior\ShowPageTraceBehavior [ RunTime:0.000000s ]
INFO: [ app_end ] --END-- [ RunTime:0.000000s ]

[ 2015-07-20T22:46:35+08:00 ] ::1 /appcms/index.php/Home/Adv/addAdv
INFO: [ app_init ] --START--
INFO: Run Behavior\BuildLiteBehavior [ RunTime:0.000000s ]
INFO: [ app_init ] --END-- [ RunTime:0.000000s ]
INFO: [ app_begin ] --START--
INFO: Run Behavior\ReadHtmlCacheBehavior [ RunTime:0.000000s ]
INFO: [ app_begin ] --END-- [ RunTime:0.000000s ]
NOTIC: [8] Undefined index: subapp D:\code\appcms\Application\Home\Controller\AdvController.class.php 第 20 行.
INFO: [ view_parse ] --START--
INFO: [ template_filter ] --START--
INFO: Run Behavior\ContentReplaceBehavior [ RunTime:0.000000s ]
INFO: [ template_filter ] --END-- [ RunTime:0.000000s ]
NOTIC: [8] Undefined variable: appname D:\code\appcms\Application\Runtime\Cache\Home\a76566f4b58f3ba102adf75dce172164.php 第 4 行.
NOTIC: [8] Undefined variable: error D:\code\appcms\Application\Runtime\Cache\Home\a76566f4b58f3ba102adf75dce172164.php 第 52 行.
NOTIC: [8] Undefined variable: advname D:\code\appcms\Application\Runtime\Cache\Home\a76566f4b58f3ba102adf75dce172164.php 第 57 行.
NOTIC: [8] Undefined variable: showpage D:\code\appcms\Application\Runtime\Cache\Home\a76566f4b58f3ba102adf75dce172164.php 第 64 行.
NOTIC: [8] Undefined variable: showpage D:\code\appcms\Application\Runtime\Cache\Home\a76566f4b58f3ba102adf75dce172164.php 第 65 行.
NOTIC: [8] Undefined variable: stime D:\code\appcms\Application\Runtime\Cache\Home\a76566f4b58f3ba102adf75dce172164.php 第 78 行.
NOTIC: [8] Undefined variable: etime D:\code\appcms\Application\Runtime\Cache\Home\a76566f4b58f3ba102adf75dce172164.php 第 84 行.
INFO: Run Behavior\ParseTemplateBehavior [ RunTime:0.015600s ]
INFO: [ view_parse ] --END-- [ RunTime:0.015600s ]
INFO: [ view_filter ] --START--
INFO: Run Behavior\WriteHtmlCacheBehavior [ RunTime:0.000000s ]
INFO: [ view_filter ] --END-- [ RunTime:0.000000s ]
INFO: [ app_end ] --START--
INFO: Run Behavior\ShowPageTraceBehavior [ RunTime:0.000000s ]
INFO: [ app_end ] --END-- [ RunTime:0.000000s ]

[ 2015-07-20T22:46:37+08:00 ] ::1 /appcms/index.php/Home/Adv/addAdv
INFO: [ app_init ] --START--
INFO: Run Behavior\BuildLiteBehavior [ RunTime:0.000000s ]
INFO: [ app_init ] --END-- [ RunTime:0.000000s ]
INFO: [ app_begin ] --START--
INFO: Run Behavior\ReadHtmlCacheBehavior [ RunTime:0.000000s ]
INFO: [ app_begin ] --END-- [ RunTime:0.000000s ]
NOTIC: [8] Undefined variable: advimage D:\code\appcms\Application\Home\Controller\AdvController.class.php 第 46 行.
INFO: [ view_parse ] --START--
INFO: [ template_filter ] --START--
INFO: Run Behavior\ContentReplaceBehavior [ RunTime:0.000000s ]
INFO: [ template_filter ] --END-- [ RunTime:0.000000s ]
NOTIC: [8] Undefined variable: appname D:\code\appcms\Application\Runtime\Cache\Home\a76566f4b58f3ba102adf75dce172164.php 第 4 行.
INFO: Run Behavior\ParseTemplateBehavior [ RunTime:0.000000s ]
INFO: [ view_parse ] --END-- [ RunTime:0.000000s ]
INFO: [ view_filter ] --START--
INFO: Run Behavior\WriteHtmlCacheBehavior [ RunTime:0.000000s ]
INFO: [ view_filter ] --END-- [ RunTime:0.000000s ]

[ 2015-07-20T22:46:47+08:00 ] ::1 /appcms/index.php/Home/Adv/addAdv
INFO: [ app_init ] --START--
INFO: Run Behavior\BuildLiteBehavior [ RunTime:0.000000s ]
INFO: [ app_init ] --END-- [ RunTime:0.000000s ]
INFO: [ app_begin ] --START--
INFO: Run Behavior\ReadHtmlCacheBehavior [ RunTime:0.000000s ]
INFO: [ app_begin ] --END-- [ RunTime:0.000000s ]
INFO: [ view_parse ] --START--
INFO: [ template_filter ] --START--
INFO: Run Behavior\ContentReplaceBehavior [ RunTime:0.000000s ]
INFO: [ template_filter ] --END-- [ RunTime:0.000000s ]
NOTIC: [8] Undefined variable: appname D:\code\appcms\Application\Runtime\Cache\Home\a76566f4b58f3ba102adf75dce172164.php 第 4 行.
INFO: Run Behavior\ParseTemplateBehavior [ RunTime:0.015601s ]
INFO: [ view_parse ] --END-- [ RunTime:0.015601s ]
INFO: [ view_filter ] --START--
INFO: Run Behavior\WriteHtmlCacheBehavior [ RunTime:0.000000s ]
INFO: [ view_filter ] --END-- [ RunTime:0.000000s ]

[ 2015-07-20T22:47:08+08:00 ] ::1 /appcms/index.php/Home/Adv/addAdv
INFO: [ app_init ] --START--
INFO: Run Behavior\BuildLiteBehavior [ RunTime:0.000000s ]
INFO: [ app_init ] --END-- [ RunTime:0.000000s ]
INFO: [ app_begin ] --START--
INFO: Run Behavior\ReadHtmlCacheBehavior [ RunTime:0.000000s ]
INFO: [ app_begin ] --END-- [ RunTime:0.000000s ]
INFO: [ view_parse ] --START--
INFO: [ template_filter ] --START--
INFO: Run Behavior\ContentReplaceBehavior [ RunTime:0.000000s ]
INFO: [ template_filter ] --END-- [ RunTime:0.000000s ]
NOTIC: [8] Undefined variable: appname D:\code\appcms\Application\Runtime\Cache\Home\a76566f4b58f3ba102adf75dce172164.php 第 4 行.
INFO: Run Behavior\ParseTemplateBehavior [ RunTime:0.000000s ]
INFO: [ view_parse ] --END-- [ RunTime:0.000000s ]
INFO: [ view_filter ] --START--
INFO: Run Behavior\WriteHtmlCacheBehavior [ RunTime:0.000000s ]
INFO: [ view_filter ] --END-- [ RunTime:0.000000s ]

[ 2015-07-20T22:48:07+08:00 ] ::1 /appcms/index.php/Home/Adv/addAdv
INFO: [ app_init ] --START--
INFO: Run Behavior\BuildLiteBehavior [ RunTime:0.000000s ]
INFO: [ app_init ] --END-- [ RunTime:0.000000s ]
INFO: [ app_begin ] --START--
INFO: Run Behavior\ReadHtmlCacheBehavior [ RunTime:0.000000s ]
INFO: [ app_begin ] --END-- [ RunTime:0.000000s ]
SQL: SHOW COLUMNS FROM `very_adv` [ RunTime:0.000000s ]
SQL: insert into very_adv values ('','324','首页','/appcms/adv/20150720//2015072022480723915_39749210.jpg','2015-07-01','2015-07-08','2015-07-20 22:48:07') [ RunTime:0.078000s ]
INFO: [ view_parse ] --START--
INFO: [ template_filter ] --START--
INFO: Run Behavior\ContentReplaceBehavior [ RunTime:0.015600s ]
INFO: [ template_filter ] --END-- [ RunTime:0.015600s ]
INFO: Run Behavior\ParseTemplateBehavior [ RunTime:0.032200s ]
INFO: [ view_parse ] --END-- [ RunTime:0.032200s ]
INFO: [ view_filter ] --START--
INFO: Run Behavior\WriteHtmlCacheBehavior [ RunTime:0.000000s ]
INFO: [ view_filter ] --END-- [ RunTime:0.000000s ]
INFO: [ view_parse ] --START--
INFO: [ template_filter ] --START--
INFO: Run Behavior\ContentReplaceBehavior [ RunTime:0.000000s ]
INFO: [ template_filter ] --END-- [ RunTime:0.000000s ]
NOTIC: [8] Undefined variable: appname D:\code\appcms\Application\Runtime\Cache\Home\a76566f4b58f3ba102adf75dce172164.php 第 4 行.
NOTIC: [8] Undefined variable: error D:\code\appcms\Application\Runtime\Cache\Home\a76566f4b58f3ba102adf75dce172164.php 第 52 行.
NOTIC: [8] Undefined variable: advname D:\code\appcms\Application\Runtime\Cache\Home\a76566f4b58f3ba102adf75dce172164.php 第 57 行.
NOTIC: [8] Undefined variable: showpage D:\code\appcms\Application\Runtime\Cache\Home\a76566f4b58f3ba102adf75dce172164.php 第 64 行.
NOTIC: [8] Undefined variable: showpage D:\code\appcms\Application\Runtime\Cache\Home\a76566f4b58f3ba102adf75dce172164.php 第 65 行.
NOTIC: [8] Undefined variable: stime D:\code\appcms\Application\Runtime\Cache\Home\a76566f4b58f3ba102adf75dce172164.php 第 78 行.
NOTIC: [8] Undefined variable: etime D:\code\appcms\Application\Runtime\Cache\Home\a76566f4b58f3ba102adf75dce172164.php 第 84 行.
INFO: Run Behavior\ParseTemplateBehavior [ RunTime:0.000000s ]
INFO: [ view_parse ] --END-- [ RunTime:0.000000s ]
INFO: [ view_filter ] --START--
INFO: Run Behavior\WriteHtmlCacheBehavior [ RunTime:0.000000s ]
INFO: [ view_filter ] --END-- [ RunTime:0.000000s ]
INFO: [ app_end ] --START--
INFO: Run Behavior\ShowPageTraceBehavior [ RunTime:0.000000s ]
INFO: [ app_end ] --END-- [ RunTime:0.000000s ]

[ 2015-07-20T22:48:10+08:00 ] ::1 /appcms/index.php/Home/Adv/index
INFO: [ app_init ] --START--
INFO: Run Behavior\BuildLiteBehavior [ RunTime:0.000000s ]
INFO: [ app_init ] --END-- [ RunTime:0.000000s ]
INFO: [ app_begin ] --START--
INFO: Run Behavior\ReadHtmlCacheBehavior [ RunTime:0.000000s ]
INFO: [ app_begin ] --END-- [ RunTime:0.000000s ]
INFO: [ view_parse ] --START--
INFO: [ template_filter ] --START--
INFO: Run Behavior\ContentReplaceBehavior [ RunTime:0.000000s ]
INFO: [ template_filter ] --END-- [ RunTime:0.000000s ]
NOTIC: [8] Undefined variable: appname D:\code\appcms\Application\Runtime\Cache\Home\66c672f362d294029ef1d2378721a92a.php 第 4 行.
NOTIC: [8] Undefined variable: app_list D:\code\appcms\Application\Runtime\Cache\Home\66c672f362d294029ef1d2378721a92a.php 第 53 行.
INFO: Run Behavior\ParseTemplateBehavior [ RunTime:0.000000s ]
INFO: [ view_parse ] --END-- [ RunTime:0.000000s ]
INFO: [ view_filter ] --START--
INFO: Run Behavior\WriteHtmlCacheBehavior [ RunTime:0.000000s ]
INFO: [ view_filter ] --END-- [ RunTime:0.000000s ]
INFO: [ app_end ] --START--
INFO: Run Behavior\ShowPageTraceBehavior [ RunTime:0.000000s ]
INFO: [ app_end ] --END-- [ RunTime:0.000000s ]

[ 2015-07-20T22:48:23+08:00 ] ::1 /appcms/index.php/Home/Adv/addAdv
INFO: [ app_init ] --START--
INFO: Run Behavior\BuildLiteBehavior [ RunTime:0.000000s ]
INFO: [ app_init ] --END-- [ RunTime:0.000000s ]
INFO: [ app_begin ] --START--
INFO: Run Behavior\ReadHtmlCacheBehavior [ RunTime:0.000000s ]
INFO: [ app_begin ] --END-- [ RunTime:0.000000s ]
NOTIC: [8] Undefined index: subapp D:\code\appcms\Application\Home\Controller\AdvController.class.php 第 20 行.
INFO: [ view_parse ] --START--
INFO: [ template_filter ] --START--
INFO: Run Behavior\ContentReplaceBehavior [ RunTime:0.000000s ]
INFO: [ template_filter ] --END-- [ RunTime:0.000000s ]
NOTIC: [8] Undefined variable: appname D:\code\appcms\Application\Runtime\Cache\Home\a76566f4b58f3ba102adf75dce172164.php 第 4 行.
NOTIC: [8] Undefined variable: error D:\code\appcms\Application\Runtime\Cache\Home\a76566f4b58f3ba102adf75dce172164.php 第 52 行.
NOTIC: [8] Undefined variable: advname D:\code\appcms\Application\Runtime\Cache\Home\a76566f4b58f3ba102adf75dce172164.php 第 57 行.
NOTIC: [8] Undefined variable: showpage D:\code\appcms\Application\Runtime\Cache\Home\a76566f4b58f3ba102adf75dce172164.php 第 64 行.
NOTIC: [8] Undefined variable: showpage D:\code\appcms\Application\Runtime\Cache\Home\a76566f4b58f3ba102adf75dce172164.php 第 65 行.
NOTIC: [8] Undefined variable: stime D:\code\appcms\Application\Runtime\Cache\Home\a76566f4b58f3ba102adf75dce172164.php 第 78 行.
NOTIC: [8] Undefined variable: etime D:\code\appcms\Application\Runtime\Cache\Home\a76566f4b58f3ba102adf75dce172164.php 第 84 行.
INFO: Run Behavior\ParseTemplateBehavior [ RunTime:0.015600s ]
INFO: [ view_parse ] --END-- [ RunTime:0.015600s ]
INFO: [ view_filter ] --START--
INFO: Run Behavior\WriteHtmlCacheBehavior [ RunTime:0.000000s ]
INFO: [ view_filter ] --END-- [ RunTime:0.000000s ]
INFO: [ app_end ] --START--
INFO: Run Behavior\ShowPageTraceBehavior [ RunTime:0.000000s ]
INFO: [ app_end ] --END-- [ RunTime:0.000000s ]

[ 2015-07-20T22:48:32+08:00 ] ::1 /appcms/index.php/Home/Adv/addAdv
INFO: [ app_init ] --START--
INFO: Run Behavior\BuildLiteBehavior [ RunTime:0.000000s ]
INFO: [ app_init ] --END-- [ RunTime:0.000000s ]
INFO: [ app_begin ] --START--
INFO: Run Behavior\ReadHtmlCacheBehavior [ RunTime:0.000000s ]
INFO: [ app_begin ] --END-- [ RunTime:0.000000s ]
SQL: SHOW COLUMNS FROM `very_adv` [ RunTime:0.000000s ]
SQL: insert into very_adv values ('','sdf','首页','/appcms/adv/20150720//2015072022483226327_39755637.jpg','2015-07-01','2015-07-15','2015-07-20 22:48:32') [ RunTime:0.235000s ]
INFO: [ view_parse ] --START--
INFO: [ template_filter ] --START--
INFO: Run Behavior\ContentReplaceBehavior [ RunTime:0.000000s ]
INFO: [ template_filter ] --END-- [ RunTime:0.000000s ]
INFO: Run Behavior\ParseTemplateBehavior [ RunTime:0.015600s ]
INFO: [ view_parse ] --END-- [ RunTime:0.015600s ]
INFO: [ view_filter ] --START--
INFO: Run Behavior\WriteHtmlCacheBehavior [ RunTime:0.000000s ]
INFO: [ view_filter ] --END-- [ RunTime:0.000000s ]
INFO: [ view_parse ] --START--
INFO: [ template_filter ] --START--
INFO: Run Behavior\ContentReplaceBehavior [ RunTime:0.000000s ]
INFO: [ template_filter ] --END-- [ RunTime:0.000000s ]
NOTIC: [8] Undefined variable: appname D:\code\appcms\Application\Runtime\Cache\Home\a76566f4b58f3ba102adf75dce172164.php 第 4 行.
NOTIC: [8] Undefined variable: error D:\code\appcms\Application\Runtime\Cache\Home\a76566f4b58f3ba102adf75dce172164.php 第 52 行.
NOTIC: [8] Undefined variable: advname D:\code\appcms\Application\Runtime\Cache\Home\a76566f4b58f3ba102adf75dce172164.php 第 57 行.
NOTIC: [8] Undefined variable: showpage D:\code\appcms\Application\Runtime\Cache\Home\a76566f4b58f3ba102adf75dce172164.php 第 64 行.
NOTIC: [8] Undefined variable: showpage D:\code\appcms\Application\Runtime\Cache\Home\a76566f4b58f3ba102adf75dce172164.php 第 65 行.
NOTIC: [8] Undefined variable: stime D:\code\appcms\Application\Runtime\Cache\Home\a76566f4b58f3ba102adf75dce172164.php 第 78 行.
NOTIC: [8] Undefined variable: etime D:\code\appcms\Application\Runtime\Cache\Home\a76566f4b58f3ba102adf75dce172164.php 第 84 行.
INFO: Run Behavior\ParseTemplateBehavior [ RunTime:0.000000s ]
INFO: [ view_parse ] --END-- [ RunTime:0.000000s ]
INFO: [ view_filter ] --START--
INFO: Run Behavior\WriteHtmlCacheBehavior [ RunTime:0.000000s ]
INFO: [ view_filter ] --END-- [ RunTime:0.000000s ]
INFO: [ app_end ] --START--
INFO: Run Behavior\ShowPageTraceBehavior [ RunTime:0.000000s ]
INFO: [ app_end ] --END-- [ RunTime:0.000000s ]

[ 2015-07-20T22:48:35+08:00 ] ::1 /appcms/index.php/Home/Adv/index
INFO: [ app_init ] --START--
INFO: Run Behavior\BuildLiteBehavior [ RunTime:0.000000s ]
INFO: [ app_init ] --END-- [ RunTime:0.000000s ]
INFO: [ app_begin ] --START--
INFO: Run Behavior\ReadHtmlCacheBehavior [ RunTime:0.000000s ]
INFO: [ app_begin ] --END-- [ RunTime:0.000000s ]
INFO: [ view_parse ] --START--
INFO: [ template_filter ] --START--
INFO: Run Behavior\ContentReplaceBehavior [ RunTime:0.000000s ]
INFO: [ template_filter ] --END-- [ RunTime:0.000000s ]
NOTIC: [8] Undefined variable: appname D:\code\appcms\Application\Runtime\Cache\Home\66c672f362d294029ef1d2378721a92a.php 第 4 行.
NOTIC: [8] Undefined variable: app_list D:\code\appcms\Application\Runtime\Cache\Home\66c672f362d294029ef1d2378721a92a.php 第 53 行.
INFO: Run Behavior\ParseTemplateBehavior [ RunTime:0.015600s ]
INFO: [ view_parse ] --END-- [ RunTime:0.015600s ]
INFO: [ view_filter ] --START--
INFO: Run Behavior\WriteHtmlCacheBehavior [ RunTime:0.000000s ]
INFO: [ view_filter ] --END-- [ RunTime:0.000000s ]
INFO: [ app_end ] --START--
INFO: Run Behavior\ShowPageTraceBehavior [ RunTime:0.000000s ]
INFO: [ app_end ] --END-- [ RunTime:0.000000s ]

